  Bishop.cpp
Bishop.cpp(69): warning C4101: 'y' :참조되지 않은 지역 변수입니다.
Bishop.cpp(69): warning C4101: 'x' :참조되지 않은 지역 변수입니다.
Bishop.cpp(95): warning C4101: 'dw' :참조되지 않은 지역 변수입니다.
  ChessBoard.cpp
  gameTool.cpp
gameTool.cpp(45): warning C4838: 'int'에서 'SHORT'(으)로의 변환에는 축소 변환이 필요합니다.
  King.cpp
King.cpp(75): warning C4101: 'y' :참조되지 않은 지역 변수입니다.
King.cpp(75): warning C4101: 'x' :참조되지 않은 지역 변수입니다.
King.cpp(101): warning C4101: 'dw' :참조되지 않은 지역 변수입니다.
  Knight.cpp
Knight.cpp(61): warning C4101: 'y' :참조되지 않은 지역 변수입니다.
Knight.cpp(61): warning C4101: 'x' :참조되지 않은 지역 변수입니다.
Knight.cpp(90): warning C4101: 'dw' :참조되지 않은 지역 변수입니다.
  Look.cpp
Look.cpp(69): warning C4101: 'y' :참조되지 않은 지역 변수입니다.
Look.cpp(69): warning C4101: 'x' :참조되지 않은 지역 변수입니다.
Look.cpp(99): warning C4101: 'dw' :참조되지 않은 지역 변수입니다.
  main.cpp
main.cpp(24): warning C4996: 'getch': The POSIX name for this item is deprecated. Instead, use the ISO C and C++ conformant name: _getch. See online help for details.
  C:\Program Files (x86)\Windows Kits\10\Include\10.0.10240.0\ucrt\conio.h(452): note: 'getch' 선언을 참조하십시오.
main.cpp(66): warning C4996: 'getch': The POSIX name for this item is deprecated. Instead, use the ISO C and C++ conformant name: _getch. See online help for details.
  C:\Program Files (x86)\Windows Kits\10\Include\10.0.10240.0\ucrt\conio.h(452): note: 'getch' 선언을 참조하십시오.
  Mouse.cpp
Mouse.cpp(23): warning C4101: 'dw' :참조되지 않은 지역 변수입니다.
  Pawn.cpp
Pawn.cpp(61): warning C4101: 'y' :참조되지 않은 지역 변수입니다.
Pawn.cpp(61): warning C4101: 'x' :참조되지 않은 지역 변수입니다.
Pawn.cpp(87): warning C4101: 'dw' :참조되지 않은 지역 변수입니다.
  Pieces.cpp
  Player.cpp
Player.cpp(111): warning C4101: 'dw' :참조되지 않은 지역 변수입니다.
  Queen.cpp
Queen.cpp(102): warning C4101: 'y' :참조되지 않은 지역 변수입니다.
Queen.cpp(102): warning C4101: 'x' :참조되지 않은 지역 변수입니다.
Queen.cpp(131): warning C4101: 'dw' :참조되지 않은 지역 변수입니다.
  코드를 생성하고 있습니다.
  All 88 functions were compiled because no usable IPDB/IOBJ from previous compilation was found.
  코드를 생성했습니다.
  Chess.vcxproj -> D:\2017GamePrograming_Project\Chess\Release\Chess.exe
  Chess.vcxproj -> D:\2017GamePrograming_Project\Chess\Release\Chess.pdb (Full PDB)
